c:\school\perforce\stefan210020\year 1\block b\sll-framework\debug\sll-framework_x64_debug.pch
c:\school\perforce\stefan210020\year 1\block b\sll-framework\debug\vc142.pdb
c:\school\perforce\stefan210020\year 1\block b\sll-framework\debug\precomp.obj
c:\school\perforce\stefan210020\year 1\block b\sll-framework\debug\sphere.obj
c:\school\perforce\stefan210020\year 1\block b\sll-framework\debug\solidcolor.obj
c:\school\perforce\stefan210020\year 1\block b\sll-framework\debug\skydomemanager.obj
c:\school\perforce\stefan210020\year 1\block b\sll-framework\debug\sceneloader.obj
c:\school\perforce\stefan210020\year 1\block b\sll-framework\debug\renderer.obj
c:\school\perforce\stefan210020\year 1\block b\sll-framework\debug\ray.obj
c:\school\perforce\stefan210020\year 1\block b\sll-framework\debug\primitivelist.obj
c:\school\perforce\stefan210020\year 1\block b\sll-framework\debug\primitive.obj
c:\school\perforce\stefan210020\year 1\block b\sll-framework\debug\pointlight.obj
c:\school\perforce\stefan210020\year 1\block b\sll-framework\debug\material.obj
c:\school\perforce\stefan210020\year 1\block b\sll-framework\debug\light.obj
c:\school\perforce\stefan210020\year 1\block b\sll-framework\debug\game.obj
c:\school\perforce\stefan210020\year 1\block b\sll-framework\debug\ellipsoid.obj
c:\school\perforce\stefan210020\year 1\block b\sll-framework\debug\color.obj
c:\school\perforce\stefan210020\year 1\block b\sll-framework\debug\circletexture.obj
c:\school\perforce\stefan210020\year 1\block b\sll-framework\debug\checkertexture.obj
c:\school\perforce\stefan210020\year 1\block b\sll-framework\debug\camera.obj
c:\school\perforce\stefan210020\year 1\block b\sll-framework\debug\bvh.obj
c:\school\perforce\stefan210020\year 1\block b\sll-framework\debug\arealight.obj
c:\school\perforce\stefan210020\year 1\block b\sll-framework\debug\aabb.obj
c:\school\perforce\stefan210020\year 1\block b\sll-framework\debug\utilities.obj
c:\school\perforce\stefan210020\year 1\block b\sll-framework\debug\texture.obj
c:\school\perforce\stefan210020\year 1\block b\sll-framework\debug\template.obj
c:\school\perforce\stefan210020\year 1\block b\sll-framework\debug\surface.obj
c:\school\perforce\stefan210020\year 1\block b\sll-framework\debug\spritetexture.obj
c:\school\perforce\stefan210020\year 1\block b\sll-framework\sll-framework_x64_debug.exe
c:\school\perforce\stefan210020\year 1\block b\sll-framework\sll-framework_x64_debug.pdb
c:\school\perforce\stefan210020\year 1\block b\sll-framework\sll-framework_x86_debug.pdb
c:\school\perforce\stefan210020\year 1\block b\sll-framework\sll-framework_x86_debug.exe
c:\school\perforce\stefan210020\year 1\block b\sll-framework\debug\sll-framework.tlog\cl.command.1.tlog
c:\school\perforce\stefan210020\year 1\block b\sll-framework\debug\sll-framework.tlog\cl.read.1.tlog
c:\school\perforce\stefan210020\year 1\block b\sll-framework\debug\sll-framework.tlog\cl.write.1.tlog
c:\school\perforce\stefan210020\year 1\block b\sll-framework\debug\sll-framework.tlog\link.command.1.tlog
c:\school\perforce\stefan210020\year 1\block b\sll-framework\debug\sll-framework.tlog\link.read.1.tlog
c:\school\perforce\stefan210020\year 1\block b\sll-framework\debug\sll-framework.tlog\link.write.1.tlog
