c:\school\perforce\stefan210020\year 1\block b\sll-framework\release\vc142.pdb
c:\school\perforce\stefan210020\year 1\block b\sll-framework\release\sceneloader.obj
c:\school\perforce\stefan210020\year 1\block b\sll-framework\release\renderer.obj
c:\school\perforce\stefan210020\year 1\block b\sll-framework\release\color.obj
c:\school\perforce\stefan210020\year 1\block b\sll-framework\release\game.obj
c:\school\perforce\stefan210020\year 1\block b\sll-framework\release\sphere.obj
c:\school\perforce\stefan210020\year 1\block b\sll-framework\release\primitivelist.obj
c:\school\perforce\stefan210020\year 1\block b\sll-framework\release\ellipsoid.obj
c:\school\perforce\stefan210020\year 1\block b\sll-framework\release\bvh.obj
c:\school\perforce\stefan210020\year 1\block b\sll-framework\release\material.obj
c:\school\perforce\stefan210020\year 1\block b\sll-framework\release\sll-framework_x64.pch
c:\school\perforce\stefan210020\year 1\block b\sll-framework\release\precomp.obj
c:\school\perforce\stefan210020\year 1\block b\sll-framework\release\spritetexture.obj
c:\school\perforce\stefan210020\year 1\block b\sll-framework\release\solidcolor.obj
c:\school\perforce\stefan210020\year 1\block b\sll-framework\release\skydomemanager.obj
c:\school\perforce\stefan210020\year 1\block b\sll-framework\release\ray.obj
c:\school\perforce\stefan210020\year 1\block b\sll-framework\release\primitive.obj
c:\school\perforce\stefan210020\year 1\block b\sll-framework\release\pointlight.obj
c:\school\perforce\stefan210020\year 1\block b\sll-framework\release\light.obj
c:\school\perforce\stefan210020\year 1\block b\sll-framework\release\circletexture.obj
c:\school\perforce\stefan210020\year 1\block b\sll-framework\release\checkertexture.obj
c:\school\perforce\stefan210020\year 1\block b\sll-framework\release\camera.obj
c:\school\perforce\stefan210020\year 1\block b\sll-framework\release\arealight.obj
c:\school\perforce\stefan210020\year 1\block b\sll-framework\release\aabb.obj
c:\school\perforce\stefan210020\year 1\block b\sll-framework\release\template.obj
c:\school\perforce\stefan210020\year 1\block b\sll-framework\release\surface.obj
c:\school\perforce\stefan210020\year 1\block b\sll-framework\release\utilities.obj
c:\school\perforce\stefan210020\year 1\block b\sll-framework\release\texture.obj
c:\school\perforce\stefan210020\year 1\block b\sll-framework\sll-framework_x64.exe
c:\school\perforce\stefan210020\year 1\block b\sll-framework\sll-framework_x64.pdb
c:\school\perforce\stefan210020\year 1\block b\sll-framework\sll-framework_x64.lib
c:\school\perforce\stefan210020\year 1\block b\sll-framework\sll-framework_x64.exp
c:\school\perforce\stefan210020\year 1\block b\sll-framework\release\sll-framework_x86.pch
c:\school\perforce\stefan210020\year 1\block b\sll-framework\release\sll-framework.tlog\cl.command.1.tlog
c:\school\perforce\stefan210020\year 1\block b\sll-framework\release\sll-framework.tlog\cl.read.1.tlog
c:\school\perforce\stefan210020\year 1\block b\sll-framework\release\sll-framework.tlog\cl.write.1.tlog
c:\school\perforce\stefan210020\year 1\block b\sll-framework\release\sll-framework.tlog\link.command.1.tlog
c:\school\perforce\stefan210020\year 1\block b\sll-framework\release\sll-framework.tlog\link.read.1.tlog
c:\school\perforce\stefan210020\year 1\block b\sll-framework\release\sll-framework.tlog\link.write.1.tlog
c:\school\perforce\stefan210020\year 1\block b\sll-framework\release\sll-framework.tlog\sll-framework.write.1u.tlog
